============================================================
Time  2017/06/29 03:41:58 841 
============================================================
[2017/06/29 03:41:58 842] waiter     120  waiter loaded!  
[2017/06/29 03:41:58 950] network    821  update_iplist  
[2017/06/29 03:41:58 968] network    503  gethttpresp3  http://open.xf-yun.com:80/ipcfg.txt  standard  nil  
[2017/06/29 03:41:58 981] network    476  gethttpresp  http://open.xf-yun.com:80/ipcfg.txt  nil  
[2017/06/29 03:41:58 998] network    242  gethostbyname  open.xf-yun.com  1  
[2017/06/29 03:41:59 031] waiter     196  last gc at  1498678918  
[2017/06/29 03:41:59 075] network    821  update_iplist  
[2017/06/29 03:41:59 096] waiter     196  last gc at  1498678918  
[2017/06/29 03:41:59 163] network    224  dns resp  0  1  
[2017/06/29 03:41:59 180] network    462  gethttpresp dns ok  59.107.24.5  
[2017/06/29 03:41:59 190] network    423  gethttpresp2  59.107.24.5  80  2  
[2017/06/29 03:41:59 204] network    440  prot_type  tcp  
[2017/06/29 03:41:59 479] network    423  gethttpresp2  59.107.24.5  1028  3  
[2017/06/29 03:41:59 528] network    440  prot_type  tcp  
[2017/06/29 03:41:59 851] waiter     196  last gc at  1498678918  
[2017/06/29 03:41:59 938] network    396  soc error  10202  2  
[2017/06/29 03:42:00 086] network    740  update iplist http resp  table(60015990) 10202  nil  
[2017/06/29 03:42:00 198] network    396  soc error  10202  3  
[2017/06/29 03:42:00 244] network    956  port1028 http resp  nil  10202  nil  
[2017/06/29 03:42:00 350] network    594  redns  def  open.xf-yun.com  
[2017/06/29 03:42:00 369] network    242  gethostbyname  open.xf-yun.com  redns4  
[2017/06/29 03:42:00 391] waiter     196  last gc at  1498678918  
[2017/06/29 03:42:00 460] network    224  dns resp  0  redns4  
[2017/06/29 03:42:00 471] network    565  redns dns resp  table(60016a00) 0  59.107.24.5  v4  
[2017/06/29 03:42:00 491] network    572  iplist not avail  
[2017/06/29 03:42:00 536] network    423  gethttpresp2  59.107.24.5  1028  redns5  
[2017/06/29 03:42:00 553] network    440  prot_type  tcp  
[2017/06/29 03:42:00 743] network    821  update_iplist  
[2017/06/29 03:42:00 756] waiter     196  last gc at  1498678918  
[2017/06/29 03:42:00 806] network    396  soc error  10202  redns5  
[2017/06/29 03:42:00 847] network    550  redns http resp  nil  10202  nil  
[2017/06/29 03:42:01 084] network    821  update_iplist  
[2017/06/29 03:42:01 094] waiter     196  last gc at  1498678918  
[2017/06/29 03:42:01 385] network    821  update_iplist  
[2017/06/29 03:42:01 438] waiter     196  last gc at  1498678918  
[2017/06/29 03:42:01 513] network    423  gethttpresp2  59.107.24.5  1028  6  
[2017/06/29 03:42:01 532] network    440  prot_type  tcp  
[2017/06/29 03:42:01 906] waiter     196  last gc at  1498678918  
[2017/06/29 03:42:02 044] network    396  soc error  10202  6  
[2017/06/29 03:42:02 251] network    956  port1028 http resp  nil  10202  nil  
[2017/06/29 03:42:02 658] network    594  redns  def  open.xf-yun.com  
[2017/06/29 03:42:02 671] network    242  gethostbyname  open.xf-yun.com  redns7  
[2017/06/29 03:42:02 691] waiter     196  last gc at  1498678918  
[2017/06/29 03:42:02 734] network    224  dns resp  0  redns7  
[2017/06/29 03:42:02 748] network    565  redns dns resp  table(60016ce0) 0  59.107.24.5  v4  
[2017/06/29 03:42:02 757] network    572  iplist not avail  
[2017/06/29 03:42:02 789] network    423  gethttpresp2  59.107.24.5  1028  redns8  
[2017/06/29 03:42:02 799] network    440  prot_type  tcp  
[2017/06/29 03:42:02 907] network    821  update_iplist  
[2017/06/29 03:42:02 922] waiter     196  last gc at  1498678918  
[2017/06/29 03:42:02 970] network    396  soc error  10202  redns8  
[2017/06/29 03:42:03 028] network    550  redns http resp  nil  10202  nil  
[2017/06/29 03:42:03 349] network    821  update_iplist  
[2017/06/29 03:42:03 365] waiter     196  last gc at  1498678918  
[2017/06/29 03:42:03 605] network    821  update_iplist  
[2017/06/29 03:42:03 620] waiter     196  last gc at  1498678918  
[2017/06/29 03:42:03 703] network    423  gethttpresp2  59.107.24.5  1028  9  
[2017/06/29 03:42:03 713] network    440  prot_type  tcp  
[2017/06/29 03:42:04 782] waiter     196  last gc at  1498678918  
[2017/06/29 03:42:06 171] network    396  soc error  10202  9  
[2017/06/29 03:42:07 139] network    956  port1028 http resp  nil  10202  nil  
[2017/06/29 03:42:08 602] network    594  redns  def  open.xf-yun.com  
[2017/06/29 03:42:08 639] network    242  gethostbyname  open.xf-yun.com  redns10  
[2017/06/29 03:42:08 705] waiter     196  last gc at  1498678918  
[2017/06/29 03:42:09 122] network    224  dns resp  0  redns10  
[2017/06/29 03:42:09 196] network    565  redns dns resp  table(60030460) 0  59.107.24.5  v4  
[2017/06/29 03:42:09 635] network    572  iplist not avail  
[2017/06/29 03:42:09 908] network    423  gethttpresp2  59.107.24.5  1028  redns11  
[2017/06/29 03:42:10 061] network    440  prot_type  tcp  
[2017/06/29 03:42:10 576] network    821  update_iplist  
[2017/06/29 03:42:10 720] network    503  gethttpresp3  http://open.xf-yun.com:80/ipcfg.txt  standard  nil  
[2017/06/29 03:42:10 788] network    476  gethttpresp  http://open.xf-yun.com:80/ipcfg.txt  nil  
[2017/06/29 03:42:10 876] network    242  gethostbyname  open.xf-yun.com  12  
[2017/06/29 03:42:11 034] waiter     196  last gc at  1498678918  
[2017/06/29 03:42:11 468] network    396  soc error  10202  redns11  
[2017/06/29 03:42:11 740] network    550  redns http resp  nil  10202  nil  
[2017/06/29 03:42:11 950] network    224  dns resp  0  12  
[2017/06/29 03:42:11 989] network    462  gethttpresp dns ok  59.107.24.5  
[2017/06/29 03:42:12 054] network    423  gethttpresp2  59.107.24.5  80  13  
[2017/06/29 03:42:12 102] network    440  prot_type  tcp  
[2017/06/29 03:42:12 591] network    594  redns  def  open.xf-yun.com  
[2017/06/29 03:42:12 679] network    242  gethostbyname  open.xf-yun.com  redns14  
[2017/06/29 03:42:12 822] waiter     196  last gc at  1498678918  
[2017/06/29 03:42:13 092] network    396  soc error  10202  13  
[2017/06/29 03:42:13 353] network    740  update iplist http resp  table(6002e450) 10202  nil  
[2017/06/29 03:42:13 670] network    224  dns resp  0  redns14  
[2017/06/29 03:42:13 752] network    565  redns dns resp  table(6002e1c0) 0  59.107.24.5  v4  
[2017/06/29 03:42:13 833] network    572  iplist not avail  
[2017/06/29 03:42:14 253] network    423  gethttpresp2  59.107.24.5  1028  redns15  
[2017/06/29 03:42:14 356] network    440  prot_type  tcp  
[2017/06/29 03:42:15 269] network    821  update_iplist  
[2017/06/29 03:42:15 369] waiter     196  last gc at  1498678918  
[2017/06/29 03:42:15 572] network    396  soc error  10202  redns15  
[2017/06/29 03:42:15 721] network    550  redns http resp  nil  10202  nil  
[2017/06/29 03:42:15 871] network    821  update_iplist  
[2017/06/29 03:42:16 052] network    503  gethttpresp3  http://open.xf-yun.com:80/ipcfg.txt  standard  nil  
[2017/06/29 03:42:16 118] network    476  gethttpresp  http://open.xf-yun.com:80/ipcfg.txt  nil  
[2017/06/29 03:42:16 222] network    242  gethostbyname  open.xf-yun.com  16  
[2017/06/29 03:42:16 317] waiter     196  last gc at  1498678918  
[2017/06/29 03:42:16 662] network    224  dns resp  0  16  
[2017/06/29 03:42:16 696] network    462  gethttpresp dns ok  59.107.24.5  
[2017/06/29 03:42:16 761] network    423  gethttpresp2  59.107.24.5  80  17  
[2017/06/29 03:42:16 946] network    440  prot_type  tcp  
[2017/06/29 03:42:17 691] network    396  soc error  10202  17  
[2017/06/29 03:42:17 883] network    740  update iplist http resp  table(6002e370) 10202  nil  
[2017/06/29 03:42:18 058] network    821  update_iplist  
[2017/06/29 03:42:18 088] waiter     196  last gc at  1498678918  
[2017/06/29 03:42:18 295] network    423  gethttpresp2  59.107.24.5  1028  18  
[2017/06/29 03:42:18 350] network    440  prot_type  tcp  
[2017/06/29 03:42:19 832] waiter     196  last gc at  1498678918  
[2017/06/29 03:42:20 720] network    396  soc error  10202  18  
[2017/06/29 03:42:21 029] network    956  port1028 http resp  nil  10202  nil  
[2017/06/29 03:42:24 170] network    821  update_iplist  
[2017/06/29 03:42:24 240] network    503  gethttpresp3  http://open.xf-yun.com:80/ipcfg.txt  standard  nil  
[2017/06/29 03:42:24 283] network    476  gethttpresp  http://open.xf-yun.com:80/ipcfg.txt  nil  
[2017/06/29 03:42:24 323] network    242  gethostbyname  open.xf-yun.com  19  
[2017/06/29 03:42:24 382] waiter     196  last gc at  1498678918  
[2017/06/29 03:42:24 467] network    821  update_iplist  
[2017/06/29 03:42:24 483] waiter     196  last gc at  1498678918  
[2017/06/29 03:42:24 579] network    224  dns resp  0  19  
[2017/06/29 03:42:24 624] network    462  gethttpresp dns ok  59.107.24.5  
[2017/06/29 03:42:24 691] network    423  gethttpresp2  59.107.24.5  80  20  
[2017/06/29 03:42:24 722] network    440  prot_type  tcp  
[2017/06/29 03:42:24 943] network    396  soc error  10202  20  
[2017/06/29 03:42:25 030] network    740  update iplist http resp  table(600179c0) 10202  nil  
[2017/06/29 03:42:25 209] network    594  redns  def  open.xf-yun.com  
[2017/06/29 03:42:25 243] network    242  gethostbyname  open.xf-yun.com  redns21  
[2017/06/29 03:42:25 361] waiter     196  last gc at  1498678918  
[2017/06/29 03:42:27 031] network    224  dns resp  0  redns21  
[2017/06/29 03:42:27 236] network    565  redns dns resp  table(60019290) 0  59.107.24.5  v4  
[2017/06/29 03:42:27 658] network    572  iplist not avail  
[2017/06/29 03:42:28 799] network    423  gethttpresp2  59.107.24.5  1028  redns22  
[2017/06/29 03:42:29 039] network    440  prot_type  tcp  
[2017/06/29 03:42:31 920] network    821  update_iplist  
[2017/06/29 03:42:32 068] network    503  gethttpresp3  http://open.xf-yun.com:80/ipcfg.txt  standard  nil  
[2017/06/29 03:42:32 215] network    476  gethttpresp  http://open.xf-yun.com:80/ipcfg.txt  nil  
[2017/06/29 03:42:32 367] network    242  gethostbyname  open.xf-yun.com  23  
[2017/06/29 03:42:32 400] waiter     196  last gc at  1498678918  
[2017/06/29 03:42:32 457] network    594  redns  def  open.xf-yun.com  
[2017/06/29 03:42:32 514] network    242  gethostbyname  open.xf-yun.com  redns24  
[2017/06/29 03:42:32 555] waiter     196  last gc at  1498678918  
[2017/06/29 03:42:32 620] network    396  soc error  10202  redns22  
[2017/06/29 03:42:32 810] network    550  redns http resp  nil  10202  nil  
[2017/06/29 03:42:33 083] network    224  dns resp  0  23  
[2017/06/29 03:42:33 173] network    462  gethttpresp dns ok  59.107.24.11  
[2017/06/29 03:42:33 289] network    423  gethttpresp2  59.107.24.11  80  25  
[2017/06/29 03:42:33 349] network    440  prot_type  tcp  
[2017/06/29 03:42:33 985] network    224  dns resp  0  redns24  
[2017/06/29 03:42:34 008] network    565  redns dns resp  table(6013af20) 0  59.107.24.11  v4  
[2017/06/29 03:42:34 036] network    572  iplist not avail  
[2017/06/29 03:42:34 115] network    423  gethttpresp2  59.107.24.11  1028  redns26  
[2017/06/29 03:42:34 187] network    440  prot_type  tcp  
[2017/06/29 03:42:34 417] network    396  soc error  10202  25  
[2017/06/29 03:42:34 749] network    740  update iplist http resp  table(6013ad60) 10202  nil  
[2017/06/29 03:42:35 730] network    821  update_iplist  
[2017/06/29 03:42:35 903] waiter     196  last gc at  1498678918  
[2017/06/29 03:42:36 946] network    821  update_iplist  
[2017/06/29 03:42:37 100] network    503  gethttpresp3  http://open.xf-yun.com:80/ipcfg.txt  standard  nil  
[2017/06/29 03:42:37 432] network    476  gethttpresp  http://open.xf-yun.com:80/ipcfg.txt  nil  
[2017/06/29 03:42:37 690] network    242  gethostbyname  open.xf-yun.com  27  
[2017/06/29 03:42:38 448] waiter     196  last gc at  1498678918  
[2017/06/29 03:42:39 025] network    423  gethttpresp2  59.107.24.11  1028  28  
[2017/06/29 03:42:39 116] network    440  prot_type  tcp  
[2017/06/29 03:42:39 540] waiter     196  last gc at  1498678918  
[2017/06/29 03:42:40 000] network    396  soc error  10202  redns26  
[2017/06/29 03:42:40 498] network    550  redns http resp  nil  10202  nil  
[2017/06/29 03:42:40 893] network    224  dns resp  0  27  
[2017/06/29 03:42:41 032] network    462  gethttpresp dns ok  59.107.24.11  
[2017/06/29 03:42:41 111] network    423  gethttpresp2  59.107.24.11  80  29  
[2017/06/29 03:42:41 183] network    440  prot_type  tcp  
[2017/06/29 03:42:42 233] network    396  soc error  10202  28  
[2017/06/29 03:42:42 295] network    956  port1028 http resp  nil  10202  nil  
[2017/06/29 03:42:42 401] network    396  soc error  10202  29  
[2017/06/29 03:42:42 587] network    740  update iplist http resp  table(6013b320) 10202  nil  
[2017/06/29 03:42:53 006] network    821  update_iplist  
[2017/06/29 03:42:53 060] network    503  gethttpresp3  http://open.xf-yun.com:80/ipcfg.txt  standard  nil  
[2017/06/29 03:42:53 100] network    476  gethttpresp  http://open.xf-yun.com:80/ipcfg.txt  nil  
[2017/06/29 03:42:53 150] network    242  gethostbyname  open.xf-yun.com  30  
[2017/06/29 03:42:53 259] waiter     196  last gc at  1498678918  
[2017/06/29 03:42:53 450] network    224  dns resp  0  30  
[2017/06/29 03:42:53 515] network    462  gethttpresp dns ok  59.107.24.11  
[2017/06/29 03:42:53 539] network    423  gethttpresp2  59.107.24.11  80  31  
[2017/06/29 03:42:53 588] network    440  prot_type  tcp  
[2017/06/29 03:42:53 946] network    396  soc error  10202  31  
[2017/06/29 03:42:54 085] network    740  update iplist http resp  table(6013c330) 10202  nil  
[2017/06/29 03:42:57 186] network    594  redns  def  open.xf-yun.com  
[2017/06/29 03:42:57 277] network    242  gethostbyname  open.xf-yun.com  redns32  
[2017/06/29 03:42:57 479] waiter     196  last gc at  1498678918  
[2017/06/29 03:42:57 949] network    224  dns resp  0  redns32  
[2017/06/29 03:42:58 064] network    565  redns dns resp  table(60018aa0) 0  59.107.24.11  v4  
[2017/06/29 03:42:58 146] network    572  iplist not avail  
[2017/06/29 03:42:58 400] network    423  gethttpresp2  59.107.24.11  1028  redns33  
[2017/06/29 03:42:58 499] network    440  prot_type  tcp  
[2017/06/29 03:42:59 009] network    821  update_iplist  
[2017/06/29 03:42:59 085] network    503  gethttpresp3  http://open.xf-yun.com:80/ipcfg.txt  standard  nil  
[2017/06/29 03:42:59 159] network    476  gethttpresp  http://open.xf-yun.com:80/ipcfg.txt  nil  
[2017/06/29 03:42:59 236] network    242  gethostbyname  open.xf-yun.com  34  
[2017/06/29 03:42:59 467] waiter     196  last gc at  1498678918  
[2017/06/29 03:42:59 703] network    396  soc error  10202  redns33  
[2017/06/29 03:42:59 977] network    550  redns http resp  nil  10202  nil  
[2017/06/29 03:43:00 383] network    224  dns resp  0  34  
[2017/06/29 03:43:00 569] network    462  gethttpresp dns ok  59.107.24.11  
[2017/06/29 03:43:00 661] network    423  gethttpresp2  59.107.24.11  80  35  
[2017/06/29 03:43:01 027] network    440  prot_type  tcp  
[2017/06/29 03:43:01 577] network    821  update_iplist  
[2017/06/29 03:43:01 664] waiter     196  last gc at  1498678918  
[2017/06/29 03:43:01 838] network    396  soc error  10202  35  
[2017/06/29 03:43:02 078] network    740  update iplist http resp  table(6013d9e0) 10202  nil  
[2017/06/29 03:43:02 371] network    821  update_iplist  
[2017/06/29 03:43:02 402] waiter     196  last gc at  1498678918  
[2017/06/29 03:43:04 930] network    594  redns  def  open.xf-yun.com  
[2017/06/29 03:43:05 290] network    242  gethostbyname  open.xf-yun.com  redns36  
[2017/06/29 03:43:06 403] waiter     196  last gc at  1498678918  
[2017/06/29 03:43:07 197] network    224  dns resp  0  redns36  
[2017/06/29 03:43:07 246] network    565  redns dns resp  table(6013d980) 0  59.107.24.11  v4  
[2017/06/29 03:43:07 283] network    572  iplist not avail  
[2017/06/29 03:43:07 350] network    423  gethttpresp2  59.107.24.11  1028  redns37  
[2017/06/29 03:43:07 388] network    440  prot_type  tcp  
[2017/06/29 03:43:07 809] network    821  update_iplist  
[2017/06/29 03:43:07 862] network    503  gethttpresp3  http://open.xf-yun.com:80/ipcfg.txt  standard  nil  
[2017/06/29 03:43:07 987] network    476  gethttpresp  http://open.xf-yun.com:80/ipcfg.txt  nil  
[2017/06/29 03:43:08 057] network    242  gethostbyname  open.xf-yun.com  38  
[2017/06/29 03:43:08 267] waiter     196  last gc at  1498678918  
[2017/06/29 03:43:08 389] network    396  soc error  10202  redns37  
[2017/06/29 03:43:08 614] network    550  redns http resp  nil  10202  nil  
[2017/06/29 03:43:08 715] network    821  update_iplist  
[2017/06/29 03:43:08 864] waiter     196  last gc at  1498678918  
[2017/06/29 03:43:09 039] network    821  update_iplist  
[2017/06/29 03:43:09 070] waiter     196  last gc at  1498678918  
[2017/06/29 03:43:09 237] network    224  dns resp  0  38  
[2017/06/29 03:43:09 273] network    462  gethttpresp dns ok  59.107.24.11  
[2017/06/29 03:43:09 329] network    423  gethttpresp2  59.107.24.11  80  39  
[2017/06/29 03:43:09 370] network    440  prot_type  tcp  
[2017/06/29 03:43:09 690] ns         634  update ip  
[2017/06/29 03:43:09 776] ns         636  ns_host =  open.xf-yun.com  
[2017/06/29 03:43:09 866] ns         644  sub_ip_host = nil, sub =  tts  
[2017/06/29 03:43:09 928] ns         629  ntt=  standard  
[2017/06/29 03:43:10 005] ns         479  ns_host=  open.xf-yun.com  
[2017/06/29 03:43:10 075] ns         558  GET /sip/resolver?srand=0629034311.32 HTTP/1.1
Host: hdns.openspeech.cn
Connection: Keep-Alive
X-Par: ver=1.3&appid=5947be90&operator=UNKNOW&nettype=STANDARD&cver=5.0.33.1158&svc=tts&host=open.xf-yun.com&sign=10c5d2541d7012a0ea907eae0b9ef0bb
User-Agent: iFLYCloud

  
[2017/06/29 03:43:10 149] ns         559  net_type =  standard  
[2017/06/29 03:43:10 221] ns         560  cmwapascmnet =  
[2017/06/29 03:43:10 313] ns         561  uniwapasuninet =  
[2017/06/29 03:43:10 341] ns         562  ctwapasctnet =  
[2017/06/29 03:43:10 398] ns         579  host=  hdns.openspeech.cn  
[2017/06/29 03:43:10 559] network    242  gethostbyname  hdns.openspeech.cn  ns40  
[2017/06/29 03:43:10 681] waiter     196  last gc at  1498678918  
